2024-06-14 12:52:19,505 [ERROR] LogOutputStream:75 - [STDERR_REDIRECT] 
2024-06-14 12:52:30,031 [INFO] Activator:176 - 


2024-06-14 12:52:30,032 [INFO] Activator:177 - !SESSION log4j initialized
2024-06-14 12:52:33,571 [INFO] LogOutputStream:77 - [STDOUT_REDIRECT] 
2024-06-14 12:52:33,963 [INFO] ApplicationProperties:184 - Using Application install path: /opt/st/stm32cubeide_1.15.1/plugins/com.st.stm32cube.common.mx_6.11.1.202404110753
2024-06-14 12:52:33,989 [INFO] DbMcusXml:78 - Set database path to: /opt/st/stm32cubeide_1.15.1/plugins/com.st.stm32cube.common.mx_6.11.1.202404110753//db//mcu/
2024-06-14 12:52:33,989 [INFO] ApiDb:274 - Set plugin database path to: /opt/st/stm32cubeide_1.15.1/plugins/com.st.stm32cube.common.mx_6.11.1.202404110753//db//plugins/boardmanager/
2024-06-14 12:52:33,989 [WARN] ApiDb:259 - Overriding images path with different value:  => /opt/st/stm32cubeide_1.15.1/plugins/com.st.stm32cube.common.mx_6.11.1.202404110753//db//plugins/mcufinder/images/
2024-06-14 12:52:33,992 [INFO] ApiDb:250 - Set database path to: /home/greycell/.stmcufinder/plugins/mcufinder//mcu/
2024-06-14 12:52:33,993 [INFO] DbMcusAds:125 - Set database path to: /home/greycell/.stmcufinder/plugins/mcufinder//mcu/
2024-06-14 12:52:33,994 [INFO] CrossReferenceDbSqlite:203 - Set database path to: /home/greycell/.stmcufinder/plugins/mcufinder//mcu/cs/
2024-06-14 12:52:34,081 [INFO] RulesReader:64 - Compatibility file has been processed (297 Rules)
2024-06-14 12:52:34,128 [INFO] DbMcusXml:78 - Set database path to: /opt/st/stm32cubeide_1.15.1/plugins/com.st.stm32cube.common.mx_6.11.1.202404110753//db//mcu/
2024-06-14 12:52:34,129 [INFO] ApiDb:274 - Set plugin database path to: /opt/st/stm32cubeide_1.15.1/plugins/com.st.stm32cube.common.mx_6.11.1.202404110753//db//plugins/boardmanager/
2024-06-14 12:52:34,129 [INFO] ApiDb:261 - Set plugin images path to: /opt/st/stm32cubeide_1.15.1/plugins/com.st.stm32cube.common.mx_6.11.1.202404110753//db//plugins/mcufinder/images/
2024-06-14 12:52:34,129 [WARN] DbFile:41 - Overriding database path with different value: /home/greycell/.stmcufinder/plugins/mcufinder/ => /home/greycell/.stmcufinder/plugins/mcufinder
2024-06-14 12:52:34,129 [INFO] ApiDb:250 - Set database path to: /home/greycell/.stmcufinder/plugins/mcufinder//mcu/
2024-06-14 12:52:34,129 [WARN] DbFile:41 - Overriding database path with different value: /home/greycell/.stmcufinder/plugins/mcufinder/ => /home/greycell/.stmcufinder/plugins/mcufinder
2024-06-14 12:52:34,129 [INFO] DbMcusAds:125 - Set database path to: /home/greycell/.stmcufinder/plugins/mcufinder//mcu/
2024-06-14 12:52:34,129 [WARN] DbFile:41 - Overriding database path with different value: /home/greycell/.stmcufinder/plugins/mcufinder/ => /home/greycell/.stmcufinder/plugins/mcufinder
2024-06-14 12:52:34,129 [WARN] DbFile:41 - Overriding database path with different value: /home/greycell/.stmcufinder/plugins/mcufinder/ => /home/greycell/.stmcufinder/plugins/mcufinder
2024-06-14 12:52:34,129 [INFO] CrossReferenceDbSqlite:203 - Set database path to: /home/greycell/.stmcufinder/plugins/mcufinder//mcu/cs/
2024-06-14 12:52:34,176 [INFO] MainPanel:264 - HeapMemory: 268435456
2024-06-14 12:52:34,233 [INFO] DbMcusXml:78 - Set database path to: /opt/st/stm32cubeide_1.15.1/plugins/com.st.stm32cube.common.mx_6.11.1.202404110753//db//mcu/
2024-06-14 12:52:34,233 [INFO] ApiDb:274 - Set plugin database path to: /opt/st/stm32cubeide_1.15.1/plugins/com.st.stm32cube.common.mx_6.11.1.202404110753//db//plugins/boardmanager/
2024-06-14 12:52:34,233 [INFO] ApiDb:261 - Set plugin images path to: /opt/st/stm32cubeide_1.15.1/plugins/com.st.stm32cube.common.mx_6.11.1.202404110753//db//plugins/mcufinder/images/
2024-06-14 12:52:34,233 [WARN] DbFile:41 - Overriding database path with different value: /home/greycell/.stmcufinder/plugins/mcufinder/ => /home/greycell/.stmcufinder/plugins/mcufinder
2024-06-14 12:52:34,233 [INFO] ApiDb:250 - Set database path to: /home/greycell/.stmcufinder/plugins/mcufinder//mcu/
2024-06-14 12:52:34,233 [WARN] DbFile:41 - Overriding database path with different value: /home/greycell/.stmcufinder/plugins/mcufinder/ => /home/greycell/.stmcufinder/plugins/mcufinder
2024-06-14 12:52:34,233 [INFO] DbMcusAds:125 - Set database path to: /home/greycell/.stmcufinder/plugins/mcufinder//mcu/
2024-06-14 12:52:34,234 [WARN] DbFile:41 - Overriding database path with different value: /home/greycell/.stmcufinder/plugins/mcufinder/ => /home/greycell/.stmcufinder/plugins/mcufinder
2024-06-14 12:52:34,234 [WARN] DbFile:41 - Overriding database path with different value: /home/greycell/.stmcufinder/plugins/mcufinder/ => /home/greycell/.stmcufinder/plugins/mcufinder
2024-06-14 12:52:34,234 [INFO] CrossReferenceDbSqlite:203 - Set database path to: /home/greycell/.stmcufinder/plugins/mcufinder//mcu/cs/
2024-06-14 12:52:34,244 [INFO] ApplicationProperties:184 - Using Application install path: /opt/st/stm32cubeide_1.15.1/plugins/com.st.stm32cube.common.mx_6.11.1.202404110753
2024-06-14 12:52:34,245 [INFO] PluginManage:196 - Search for loadable plugins [exclusion list=, ]
2024-06-14 12:52:34,246 [INFO] PluginManage:310 - Check plugin analytics
2024-06-14 12:52:34,348 [INFO] AnalyticsPlugin:253 - Accepted Software Licenses: 
2024-06-14 12:52:34,348 [INFO] AnalyticsPlugin:255 - Accepted CMSIS Pack Licenses: 
2024-06-14 12:52:34,348 [INFO] AnalyticsPlugin:257 - Accepted Firmware Licenses: 
2024-06-14 12:52:34,350 [INFO] PluginManage:359 - Loaded plugin analytics (category:tool,tabindex:-1)
2024-06-14 12:52:34,350 [INFO] PluginManage:310 - Check plugin cadmodel
2024-06-14 12:52:34,370 [INFO] CADModel:105 - Init CAD model plugin
2024-06-14 12:52:34,370 [INFO] PluginManage:359 - Loaded plugin cadmodel (category:power,tabindex:5)
2024-06-14 12:52:34,371 [INFO] PluginManage:310 - Check plugin clock
2024-06-14 12:52:34,376 [INFO] PluginManage:359 - Loaded plugin clock (category:base,tabindex:2)
2024-06-14 12:52:34,376 [INFO] PluginManage:310 - Check plugin ddr
2024-06-14 12:52:34,377 [INFO] PluginManage:359 - Loaded plugin ddr (category:tool,tabindex:6)
2024-06-14 12:52:34,377 [INFO] PluginManage:310 - Check plugin filemanager
2024-06-14 12:52:34,482 [INFO] PluginManage:359 - Loaded plugin filemanager (category:base,tabindex:10)
2024-06-14 12:52:34,482 [INFO] PluginManage:310 - Check plugin ipmanager
2024-06-14 12:52:34,513 [INFO] PluginManage:359 - Loaded plugin ipmanager (category:base,tabindex:5)
2024-06-14 12:52:34,513 [INFO] PluginManage:310 - Check plugin lpbam
2024-06-14 12:52:34,519 [INFO] PluginManage:359 - Loaded plugin lpbam (category:base,tabindex:0)
2024-06-14 12:52:34,519 [INFO] PluginManage:310 - Check plugin memorymap
2024-06-14 12:52:34,527 [INFO] PluginManage:359 - Loaded plugin memorymap (category:base,tabindex:4)
2024-06-14 12:52:34,527 [INFO] PluginManage:310 - Check plugin pinoutandconfiguration
2024-06-14 12:52:34,531 [INFO] PluginManage:359 - Loaded plugin pinoutandconfiguration (category:base,tabindex:1)
2024-06-14 12:52:34,531 [INFO] PluginManage:310 - Check plugin pinoutconfig
2024-06-14 12:52:34,592 [WARN] SupportedApi:132 - Cannot load RTOS API schema: s4s-elt-must-match.1: The content of 'definitions' must match (annotation?, (simpleType | complexType)?, (unique | key | keyref)*)). A problem was found starting at: attribute.
2024-06-14 12:52:34,681 [INFO] PluginManage:359 - Loaded plugin pinoutconfig (category:base,tabindex:0)
2024-06-14 12:52:34,681 [INFO] PluginManage:310 - Check plugin power
2024-06-14 12:52:34,686 [INFO] PluginManage:359 - Loaded plugin power (category:power,tabindex:4)
2024-06-14 12:52:34,686 [INFO] PluginManage:310 - Check plugin projectmanager
2024-06-14 12:52:34,697 [INFO] PluginManage:359 - Loaded plugin projectmanager (category:projectmanager,tabindex:3)
2024-06-14 12:52:34,697 [INFO] PluginManage:310 - Check plugin thirdparty
2024-06-14 12:52:34,766 [INFO] PluginManage:359 - Loaded plugin thirdparty (category:base,tabindex:-1)
2024-06-14 12:52:34,766 [INFO] PluginManage:310 - Check plugin tools
2024-06-14 12:52:34,766 [WARN] IntegrityCheckThread:84 - waiting for thirdparty lock release [integrity check]
2024-06-14 12:52:34,767 [INFO] IntegrityCheckThread:86 - entering critical section [integrity check]
2024-06-14 12:52:34,768 [INFO] ThirdPartyUpdaterWithRetryManager:70 - Updater plugin not ready yet. [1/15]
2024-06-14 12:52:34,768 [INFO] PluginManage:359 - Loaded plugin tools (category:base,tabindex:7)
2024-06-14 12:52:34,768 [INFO] PluginManage:310 - Check plugin tutovideos
2024-06-14 12:52:34,892 [INFO] PluginManage:359 - Loaded plugin tutovideos (category:base,tabindex:-1)
2024-06-14 12:52:34,892 [INFO] PluginManage:310 - Check plugin updater
2024-06-14 12:52:34,901 [INFO] PluginManage:359 - Loaded plugin updater (category:base,tabindex:12)
2024-06-14 12:52:34,901 [INFO] PluginManage:310 - Check plugin userauth
2024-06-14 12:52:34,904 [INFO] UserAuth:114 - Init User Auth plugin
2024-06-14 12:52:34,905 [INFO] PluginManage:359 - Loaded plugin userauth (category:base,tabindex:14)
2024-06-14 12:52:34,905 [INFO] PluginManage:283 - PluginManage : Loaded plugins [17]
2024-06-14 12:52:35,036 [INFO] PinOutPanel:1561 - setPackage(No Configuration,No Configuration)
2024-06-14 12:52:35,078 [INFO] CADModel:165 - CPN selected for project level
2024-06-14 12:52:35,078 [INFO] CADModel:114 - Register for checkConnection events
2024-06-14 12:52:35,085 [INFO] IPUIPlugin:80 - create IPUIPlugin
2024-06-14 12:52:35,085 [INFO] PluginManager:220 - loadIPPluginJar : add gtzc
2024-06-14 12:52:35,086 [INFO] IPUIPlugin:80 - create IPUIPlugin
2024-06-14 12:52:35,086 [INFO] PluginManager:220 - loadIPPluginJar : add dfsdm
2024-06-14 12:52:35,089 [INFO] IPUIPlugin:80 - create IPUIPlugin
2024-06-14 12:52:35,089 [INFO] PluginManager:220 - loadIPPluginJar : add hash
2024-06-14 12:52:35,090 [INFO] IPUIPlugin:80 - create IPUIPlugin
2024-06-14 12:52:35,090 [INFO] PluginManager:220 - loadIPPluginJar : add quadspi
2024-06-14 12:52:35,093 [INFO] IPUIPlugin:80 - create IPUIPlugin
2024-06-14 12:52:35,093 [INFO] PluginManager:220 - loadIPPluginJar : add resmgrutility
2024-06-14 12:52:35,096 [INFO] IPUIPlugin:80 - create IPUIPlugin
2024-06-14 12:52:35,096 [INFO] PluginManager:220 - loadIPPluginJar : add freertos
2024-06-14 12:52:35,098 [INFO] IPUIPlugin:80 - create IPUIPlugin
2024-06-14 12:52:35,098 [INFO] PluginManager:220 - loadIPPluginJar : add nvic
2024-06-14 12:52:35,102 [INFO] IPUIPlugin:80 - create IPUIPlugin
2024-06-14 12:52:35,104 [INFO] PluginManager:220 - loadIPPluginJar : add plateformsettings
2024-06-14 12:52:35,105 [INFO] IPUIPlugin:80 - create IPUIPlugin
2024-06-14 12:52:35,105 [INFO] PluginManager:220 - loadIPPluginJar : add comp
2024-06-14 12:52:35,107 [INFO] IPUIPlugin:80 - create IPUIPlugin
2024-06-14 12:52:35,107 [INFO] PluginManager:220 - loadIPPluginJar : add dma3
2024-06-14 12:52:35,109 [INFO] IPUIPlugin:80 - create IPUIPlugin
2024-06-14 12:52:35,109 [INFO] PluginManager:220 - loadIPPluginJar : add pdm2pcm
2024-06-14 12:52:35,110 [INFO] IPUIPlugin:80 - create IPUIPlugin
2024-06-14 12:52:35,110 [INFO] PluginManager:220 - loadIPPluginJar : add ts
2024-06-14 12:52:35,113 [INFO] IPUIPlugin:80 - create IPUIPlugin
2024-06-14 12:52:35,113 [INFO] PluginManager:220 - loadIPPluginJar : add gic
2024-06-14 12:52:35,114 [INFO] IPUIPlugin:80 - create IPUIPlugin
2024-06-14 12:52:35,115 [INFO] PluginManager:220 - loadIPPluginJar : add tim
2024-06-14 12:52:35,116 [INFO] IPUIPlugin:80 - create IPUIPlugin
2024-06-14 12:52:35,116 [INFO] PluginManager:220 - loadIPPluginJar : add tracer_emb
2024-06-14 12:52:35,119 [INFO] IPUIPlugin:80 - create IPUIPlugin
2024-06-14 12:52:35,120 [INFO] PluginManager:220 - loadIPPluginJar : add mdma
2024-06-14 12:52:35,121 [INFO] IPUIPlugin:80 - create IPUIPlugin
2024-06-14 12:52:35,121 [INFO] PluginManager:220 - loadIPPluginJar : add openamp
2024-06-14 12:52:35,122 [INFO] IPUIPlugin:80 - create IPUIPlugin
2024-06-14 12:52:35,122 [INFO] PluginManager:220 - loadIPPluginJar : add genericplugin
2024-06-14 12:52:35,124 [INFO] IPUIPlugin:80 - create IPUIPlugin
2024-06-14 12:52:35,124 [INFO] PluginManager:220 - loadIPPluginJar : add ipddr
2024-06-14 12:52:35,125 [INFO] IPUIPlugin:80 - create IPUIPlugin
2024-06-14 12:52:35,125 [INFO] PluginManager:220 - loadIPPluginJar : add opamp
2024-06-14 12:52:35,129 [INFO] IPUIPlugin:80 - create IPUIPlugin
2024-06-14 12:52:35,129 [INFO] PluginManager:220 - loadIPPluginJar : add adc
2024-06-14 12:52:35,130 [INFO] IPUIPlugin:80 - create IPUIPlugin
2024-06-14 12:52:35,130 [INFO] PluginManager:220 - loadIPPluginJar : add can
2024-06-14 12:52:35,132 [INFO] IPUIPlugin:80 - create IPUIPlugin
2024-06-14 12:52:35,132 [INFO] PluginManager:220 - loadIPPluginJar : add sai
2024-06-14 12:52:35,133 [INFO] IPUIPlugin:80 - create IPUIPlugin
2024-06-14 12:52:35,134 [INFO] PluginManager:220 - loadIPPluginJar : add extmemmanager
2024-06-14 12:52:35,136 [INFO] IPUIPlugin:80 - create IPUIPlugin
2024-06-14 12:52:35,136 [INFO] PluginManager:220 - loadIPPluginJar : add gpio
2024-06-14 12:52:35,138 [INFO] IPUIPlugin:80 - create IPUIPlugin
2024-06-14 12:52:35,138 [INFO] PluginManager:220 - loadIPPluginJar : add tsc
2024-06-14 12:52:35,139 [INFO] IPUIPlugin:80 - create IPUIPlugin
2024-06-14 12:52:35,139 [INFO] PluginManager:220 - loadIPPluginJar : add ucpd
2024-06-14 12:52:35,139 [INFO] IPUIPlugin:80 - create IPUIPlugin
2024-06-14 12:52:35,139 [INFO] PluginManager:220 - loadIPPluginJar : add fatfs
2024-06-14 12:52:35,141 [INFO] IPUIPlugin:80 - create IPUIPlugin
2024-06-14 12:52:35,141 [INFO] PluginManager:220 - loadIPPluginJar : add cryp
2024-06-14 12:52:35,142 [INFO] IPUIPlugin:80 - create IPUIPlugin
2024-06-14 12:52:35,142 [INFO] PluginManager:220 - loadIPPluginJar : add aes
2024-06-14 12:52:35,145 [INFO] IPUIPlugin:80 - create IPUIPlugin
2024-06-14 12:52:35,145 [INFO] PluginManager:220 - loadIPPluginJar : add fmc
2024-06-14 12:52:35,148 [INFO] IPUIPlugin:80 - create IPUIPlugin
2024-06-14 12:52:35,148 [INFO] PluginManager:220 - loadIPPluginJar : add dma
2024-06-14 12:52:35,150 [INFO] IPUIPlugin:80 - create IPUIPlugin
2024-06-14 12:52:35,150 [INFO] PluginManager:220 - loadIPPluginJar : add touchsensing
2024-06-14 12:52:35,153 [INFO] IPUIPlugin:80 - create IPUIPlugin
2024-06-14 12:52:35,153 [INFO] PluginManager:220 - loadIPPluginJar : add stm32_wpan
2024-06-14 12:52:35,157 [INFO] IPUIPlugin:80 - create IPUIPlugin
2024-06-14 12:52:35,158 [INFO] PluginManager:220 - loadIPPluginJar : add linkedlist
2024-06-14 12:52:35,159 [INFO] IPUIPlugin:80 - create IPUIPlugin
2024-06-14 12:52:35,159 [INFO] PluginManager:220 - loadIPPluginJar : add lorawan
2024-06-14 12:52:35,160 [INFO] IPUIPlugin:80 - create IPUIPlugin
2024-06-14 12:52:35,160 [INFO] PluginManager:220 - loadIPPluginJar : add i2c
2024-06-14 12:52:35,161 [INFO] IPUIPlugin:80 - create IPUIPlugin
2024-06-14 12:52:35,161 [INFO] PluginManager:220 - loadIPPluginJar : add spi
2024-06-14 12:52:35,162 [INFO] IPUIPlugin:80 - create IPUIPlugin
2024-06-14 12:52:35,163 [INFO] PluginManager:220 - loadIPPluginJar : add usart
2024-06-14 12:52:35,164 [INFO] IPUIPlugin:80 - create IPUIPlugin
2024-06-14 12:52:35,164 [INFO] PluginManager:220 - loadIPPluginJar : add usbx
2024-06-14 12:52:35,166 [INFO] IPUIPlugin:80 - create IPUIPlugin
2024-06-14 12:52:35,166 [INFO] PluginManager:220 - loadIPPluginJar : add i3c
2024-06-14 12:52:35,166 [INFO] IPUIPlugin:80 - create IPUIPlugin
2024-06-14 12:52:35,166 [INFO] PluginManager:220 - loadIPPluginJar : add ltdc
2024-06-14 12:52:35,168 [INFO] IPUIPlugin:80 - create IPUIPlugin
2024-06-14 12:52:35,168 [INFO] PluginManager:220 - loadIPPluginJar : add i2s
2024-06-14 12:52:35,168 [INFO] IPUIPlugin:80 - create IPUIPlugin
2024-06-14 12:52:35,169 [INFO] PluginManager:220 - loadIPPluginJar : add gfxmmu
2024-06-14 12:52:35,263 [INFO] CADModel:165 - CPN selected for project level
2024-06-14 12:52:35,263 [INFO] CADModel:114 - Register for checkConnection events
2024-06-14 12:52:35,263 [FATAL] Updater:308 - Updater called before beeing initialized
2024-06-14 12:52:35,263 [ERROR] CADModel:125 - Updater not yet initialized, retry later 
2024-06-14 12:52:35,350 [INFO] CADModel:165 - CPN selected for project level
2024-06-14 12:52:35,350 [INFO] CADModel:114 - Register for checkConnection events
2024-06-14 12:52:35,350 [FATAL] Updater:308 - Updater called before beeing initialized
2024-06-14 12:52:35,350 [ERROR] CADModel:125 - Updater not yet initialized, retry later 
2024-06-14 12:52:35,353 [FATAL] Updater:308 - Updater called before beeing initialized
2024-06-14 12:52:35,404 [FATAL] Updater:308 - Updater called before beeing initialized
2024-06-14 12:52:35,408 [INFO] DbMcusAds:53 - JSON generation date=Thu May 16 14:52:00 IST 2024 (1715851320667)
2024-06-14 12:52:35,408 [FATAL] Updater:308 - Updater called before beeing initialized
2024-06-14 12:52:35,436 [WARN] DetailPanel:346 - Failed to get advertising image, set to default
2024-06-14 12:52:35,520 [FATAL] Updater:308 - Updater called before beeing initialized
2024-06-14 12:52:35,521 [FATAL] Updater:308 - Updater called before beeing initialized
2024-06-14 12:52:35,521 [FATAL] Updater:308 - Updater called before beeing initialized
2024-06-14 12:52:35,521 [WARN] DetailPanel:346 - Failed to get advertising image, set to default
2024-06-14 12:52:35,522 [FATAL] Updater:308 - Updater called before beeing initialized
2024-06-14 12:52:35,544 [ERROR] Updater:1120 - MainUpdater not yet initialized. External WinMGr cannot be set.
2024-06-14 12:52:35,546 [INFO] Updater:1056 - Updater Version found : 6.11.1
2024-06-14 12:52:35,560 [INFO] ApplicationProperties:184 - Using Application install path: /opt/st/stm32cubeide_1.15.1/plugins/com.st.stm32cube.common.mx_6.11.1.202404110753
2024-06-14 12:52:35,895 [INFO] MainUpdater:2873 - connection check result : 10
2024-06-14 12:52:35,895 [INFO] MainUpdater:290 - Updater Check For Update Now.
2024-06-14 12:52:35,896 [INFO] MicroXplorer:498 - Change Database Version : DB.6.0.111
2024-06-14 12:52:35,900 [INFO] McuFinderGlobals:63 - Set McuFinder mode to 2 (CubeIDE integrated)
2024-06-14 12:52:35,900 [INFO] UserAuth:179 - activating auth plugin
2024-06-14 12:52:35,904 [INFO] UserAuth:415 - Internet connection configuration mode: 1
2024-06-14 12:52:35,912 [INFO] JxBrowserEngine:152 - Initiate JxBrowser Engine with user profile folder
2024-06-14 12:52:36,083 [INFO] CheckServerUpdateThread:120 - End of CheckServer Thread
2024-06-14 12:52:36,538 [INFO] WebApp:161 - Instantiating new browser for Auth
2024-06-14 12:52:37,058 [INFO] WebApp:779 - Register for checkConnection events
2024-06-14 12:52:37,058 [INFO] WebApp:414 - Apply proxy settings
2024-06-14 12:52:37,059 [INFO] WebApp:499 - Chromium requires no authentication
2024-06-14 12:52:37,065 [INFO] WebApp:442 - Direct internet connection detected
2024-06-14 12:52:37,180 [INFO] WebApp:192 - Starting web application
2024-06-14 12:52:37,181 [INFO] WebApp:544 - Web application path used /opt/st/stm32cubeide_1.15.1/plugins/com.st.stm32cube.common.mx_6.11.1.202404110753/db/plugins/mcufinder/reactClient1/index.html
2024-06-14 12:52:37,874 [WARN] PackLoader:240 - Cannot read IP mode file for STMicroelectronics.FP-SNS-MOTENVWB1.1.4.0
2024-06-14 12:52:37,884 [WARN] PackLoader:240 - Cannot read IP mode file for STMicroelectronics.X-CUBE-SMBUS.2.1.0
2024-06-14 12:52:37,887 [WARN] PackLoader:240 - Cannot read IP mode file for STMicroelectronics.X-CUBE-TOUCHGFX.4.23.2
2024-06-14 12:52:37,916 [WARN] PackLoader:240 - Cannot read IP mode file for STMicroelectronics.X-CUBE-AZRTOS-F7.1.1.0
2024-06-14 12:52:37,929 [WARN] PackLoader:240 - Cannot read IP mode file for STMicroelectronics.FP-SNS-FLIGHT1.5.0.2
2024-06-14 12:52:37,939 [WARN] PackLoader:240 - Cannot read IP mode file for STMicroelectronics.X-CUBE-DISPLAY.3.0.0
2024-06-14 12:52:37,954 [WARN] PackLoader:240 - Cannot read IP mode file for STMicroelectronics.X-CUBE-BLE1.7.0.0
2024-06-14 12:52:37,958 [WARN] PackLoader:240 - Cannot read IP mode file for emotas.I-CUBE-CANOPEN.1.3.0
2024-06-14 12:52:37,971 [WARN] PackLoader:240 - Cannot read IP mode file for STMicroelectronics.X-CUBE-BLEMGR.3.1.0
2024-06-14 12:52:37,979 [WARN] PackLoader:240 - Cannot read IP mode file for STMicroelectronics.FP-SNS-SMARTAG2.1.2.0
2024-06-14 12:52:37,991 [INFO] LogOutputStream:77 - [STDOUT_REDIRECT] 1 : Invalid condition id : UX_CORESTACK_Condition cause : null
2024-06-14 12:52:37,991 [INFO] LogOutputStream:77 - [STDOUT_REDIRECT] 1 : Invalid condition id : UX_CORESTACK_Condition cause : null
2024-06-14 12:52:37,992 [INFO] LogOutputStream:77 - [STDOUT_REDIRECT] 1 : Invalid condition id : UX_CORESTACK_Condition cause : null
2024-06-14 12:52:37,992 [INFO] LogOutputStream:77 - [STDOUT_REDIRECT] 1 : Invalid condition id : UX_CORESTACK_Condition cause : null
2024-06-14 12:52:37,993 [INFO] LogOutputStream:77 - [STDOUT_REDIRECT] 1 : Invalid condition id : UX_CORESTACK_Condition cause : null
2024-06-14 12:52:38,006 [WARN] PackLoader:240 - Cannot read IP mode file for STMicroelectronics.X-CUBE-AZRTOS-WL.2.0.0
2024-06-14 12:52:38,010 [WARN] PackLoader:240 - Cannot read IP mode file for STMicroelectronics.FP-SNS-MOTENV1.5.0.0
2024-06-14 12:52:38,013 [WARN] PackLoader:240 - Cannot read IP mode file for wolfSSL.I-CUBE-wolfMQTT.1.19.0
2024-06-14 12:52:38,018 [WARN] PackLoader:240 - Cannot read IP mode file for WES.I-CUBE-Cesium.1.3.0
2024-06-14 12:52:38,022 [WARN] PackLoader:240 - Cannot read IP mode file for STMicroelectronics.X-CUBE-BLE2.3.3.0
2024-06-14 12:52:38,027 [WARN] PackLoader:240 - Cannot read IP mode file for STMicroelectronics.X-CUBE-TCPP.4.1.0
2024-06-14 12:52:38,048 [WARN] PackLoader:240 - Cannot read IP mode file for STMicroelectronics.X-CUBE-AZRTOS-G0.1.1.0
2024-06-14 12:52:38,056 [WARN] PackLoader:240 - Cannot read IP mode file for STMicroelectronics.X-CUBE-SAFEA1.1.2.2
2024-06-14 12:52:38,061 [WARN] PackLoader:240 - Cannot read IP mode file for STMicroelectronics.X-CUBE-NFC4.3.0.0
2024-06-14 12:52:38,065 [WARN] PackLoader:240 - Cannot read IP mode file for wolfSSL.I-CUBE-wolfSSL.5.7.0
2024-06-14 12:52:38,067 [WARN] PackLoader:240 - Cannot read IP mode file for STMicroelectronics.FP-ATR-SIGFOX1.3.2.0
2024-06-14 12:52:38,070 [WARN] PackLoader:240 - Cannot read IP mode file for STMicroelectronics.X-CUBE-EEPRMA1.5.1.0
2024-06-14 12:52:38,075 [WARN] PackLoader:240 - Cannot read IP mode file for ITTIA_DB.I-CUBE-ITTIADB.8.9.0
2024-06-14 12:52:38,103 [WARN] PackLoader:240 - Cannot read IP mode file for SEGGER.I-CUBE-embOS.1.3.1
2024-06-14 12:52:38,140 [WARN] PackLoader:240 - Cannot read IP mode file for STMicroelectronics.X-CUBE-ALGOBUILD.1.4.0
2024-06-14 12:52:38,144 [WARN] PackLoader:240 - Cannot read IP mode file for STMicroelectronics.X-CUBE-GNSS1.6.0.0
2024-06-14 12:52:38,155 [WARN] PackLoader:240 - Cannot read IP mode file for STMicroelectronics.X-CUBE-AZRTOS-F4.1.1.0
2024-06-14 12:52:38,160 [WARN] PackLoader:240 - Cannot read IP mode file for STMicroelectronics.X-CUBE-FREERTOS.1.2.0
2024-06-14 12:52:38,172 [WARN] PackLoader:240 - Cannot read IP mode file for STMicroelectronics.X-CUBE-AZRTOS-L5.2.0.0
2024-06-14 12:52:38,180 [WARN] PackLoader:240 - Cannot read IP mode file for STMicroelectronics.X-CUBE-NFC6.3.1.0
2024-06-14 12:52:38,185 [WARN] PackLoader:240 - Cannot read IP mode file for STMicroelectronics.X-CUBE-AI.9.0.0
2024-06-14 12:52:38,187 [WARN] PackLoader:240 - Cannot read IP mode file for STMicroelectronics.X-CUBE-NFC7.1.0.1
2024-06-14 12:52:38,201 [WARN] ConditionMgr:438 - getConditionDescription Invalid condition id : LAN8742 Phy interface Condition cause : null
2024-06-14 12:52:38,202 [WARN] PackLoader:240 - Cannot read IP mode file for STMicroelectronics.X-CUBE-AZRTOS-L4.2.0.0
2024-06-14 12:52:38,202 [WARN] ConditionMgr:1039 - genDependencies : Invalid condition id : LAN8742 Phy interface Condition cause : null
2024-06-14 12:52:38,203 [WARN] ConditionMgr:1039 - genDependencies : Invalid condition id : LAN8742 Phy interface Condition cause : null
2024-06-14 12:52:38,203 [WARN] ConditionMgr:1039 - genDependencies : Invalid condition id : LAN8742 Phy interface Condition cause : null
2024-06-14 12:52:38,208 [WARN] PackLoader:240 - Cannot read IP mode file for STMicroelectronics.X-CUBE-SFXS2LP1.4.0.0
2024-06-14 12:52:38,227 [WARN] ConditionMgr:438 - getConditionDescription Invalid condition id : UX DEVICE CLASS RTOS Condition cause : null
2024-06-14 12:52:38,227 [WARN] ConditionMgr:438 - getConditionDescription Invalid condition id : UX DEVICE CLASS RTOS Condition cause : null
2024-06-14 12:52:38,229 [WARN] PackLoader:240 - Cannot read IP mode file for STMicroelectronics.X-CUBE-AZRTOS-WB.2.0.0
2024-06-14 12:52:38,230 [WARN] ConditionMgr:1039 - genDependencies : Invalid condition id : UX DEVICE CLASS RTOS Condition cause : null
2024-06-14 12:52:38,230 [WARN] ConditionMgr:1039 - genDependencies : Invalid condition id : UX DEVICE CLASS RTOS Condition cause : null
2024-06-14 12:52:38,230 [WARN] ConditionMgr:1039 - genDependencies : Invalid condition id : UX DEVICE CLASS RTOS Condition cause : null
2024-06-14 12:52:38,230 [WARN] ConditionMgr:1039 - genDependencies : Invalid condition id : UX DEVICE CLASS RTOS Condition cause : null
2024-06-14 12:52:38,230 [WARN] ConditionMgr:1039 - genDependencies : Invalid condition id : UX DEVICE CLASS RTOS Condition cause : null
2024-06-14 12:52:38,237 [WARN] PackLoader:240 - Cannot read IP mode file for STMicroelectronics.X-CUBE-SUBG2.5.0.0
2024-06-14 12:52:38,242 [WARN] PackLoader:240 - Cannot read IP mode file for Cesanta.I-CUBE-Mongoose.7.13.0
2024-06-14 12:52:38,252 [WARN] PackLoader:240 - Cannot read IP mode file for STMicroelectronics.X-CUBE-AZRTOS-G4.2.0.0
2024-06-14 12:52:38,255 [WARN] PackLoader:240 - Cannot read IP mode file for STMicroelectronics.X-CUBE-ISPU.2.0.0
2024-06-14 12:52:38,258 [WARN] PackLoader:240 - Cannot read IP mode file for STMicroelectronics.X-CUBE-ALS.1.0.2
2024-06-14 12:52:38,286 [WARN] PackLoader:240 - Cannot read IP mode file for STMicroelectronics.X-CUBE-MEMS1.10.0.0
2024-06-14 12:52:38,365 [WARN] PackLoader:240 - Cannot read IP mode file for portGmbH.I-Cube-SoM-uGOAL.1.1.0
2024-06-14 12:52:38,381 [WARN] PackLoader:240 - Cannot read IP mode file for STMicroelectronics.X-CUBE-AZRTOS-H7RS.1.0.0
2024-06-14 12:52:38,387 [WARN] PackLoader:240 - Cannot read IP mode file for STMicroelectronics.FP-ATR-ASTRA1.2.0.0
2024-06-14 12:52:38,396 [WARN] PackLoader:240 - Cannot read IP mode file for STMicroelectronics.X-CUBE-TOF1.3.4.1
2024-06-14 12:52:38,416 [WARN] PackLoader:240 - Cannot read IP mode file for STMicroelectronics.X-CUBE-AZRTOS-H7.3.2.0
2024-06-14 12:52:38,426 [WARN] PackLoader:240 - Cannot read IP mode file for Infineon.AIROC-Wi-Fi-Bluetooth-STM32.1.6.0
2024-06-14 12:52:38,431 [INFO] ThirdParty:978 - Integrity check success = true
2024-06-14 12:52:38,431 [INFO] IntegrityCheckThread:100 - exiting critical section [integrity check]
2024-06-14 12:52:38,431 [INFO] IntegrityCheckThread:103 - End integrity checks thread
